Compiling the C compiler identification source file "CMakeCCompilerId.c" failed.
Compiler: /usr/bin/gcc 
Build flags: ;-m32
Id flags:  

The output was:
1
/usr/bin/ld: cannot find Scrt1.o: No such file or directory
/usr/bin/ld: cannot find crti.o: No such file or directory
/usr/bin/ld: skipping incompatible /usr/lib/gcc/x86_64-linux-gnu/7/libgcc.a when searching for -lgcc
/usr/bin/ld: cannot find -lgcc
/usr/bin/ld: skipping incompatible /usr/lib/gcc/x86_64-linux-gnu/7/libgcc_s.so.1 when searching for libgcc_s.so.1
/usr/bin/ld: cannot find libgcc_s.so.1
/usr/bin/ld: skipping incompatible /usr/lib/gcc/x86_64-linux-gnu/7/libgcc.a when searching for -lgcc
/usr/bin/ld: cannot find -lgcc
collect2: error: ld returned 1 exit status


Compiling the CXX compiler identification source file "CMakeCXXCompilerId.cpp" failed.
Compiler: /usr/bin/g++ 
Build flags: ;-m32
Id flags:  

The output was:
1
/usr/bin/ld: cannot find Scrt1.o: No such file or directory
/usr/bin/ld: cannot find crti.o: No such file or directory
/usr/bin/ld: skipping incompatible /usr/lib/gcc/x86_64-linux-gnu/7/libstdc++.so when searching for -lstdc++
/usr/bin/ld: skipping incompatible /usr/lib/gcc/x86_64-linux-gnu/7/libstdc++.a when searching for -lstdc++
/usr/bin/ld: cannot find -lstdc++
/usr/bin/ld: skipping incompatible //usr/lib/x86_64-linux-gnu/libm.so when searching for -lm
/usr/bin/ld: skipping incompatible //usr/lib/x86_64-linux-gnu/libm.a when searching for -lm
/usr/bin/ld: cannot find -lm
/usr/bin/ld: skipping incompatible /usr/lib/gcc/x86_64-linux-gnu/7/libgcc_s.so.1 when searching for libgcc_s.so.1
/usr/bin/ld: cannot find libgcc_s.so.1
/usr/bin/ld: skipping incompatible /usr/lib/gcc/x86_64-linux-gnu/7/libgcc.a when searching for -lgcc
/usr/bin/ld: cannot find -lgcc
collect2: error: ld returned 1 exit status


Determining if the C compiler works failed with the following output:
Change Dir: /home/ofzorzo/Desktop/pddl/fast-downward/builds/release32/CMakeFiles/CMakeTmp

Run Build Command:"/usr/bin/make" "cmTC_db4b4/fast"
/usr/bin/make -f CMakeFiles/cmTC_db4b4.dir/build.make CMakeFiles/cmTC_db4b4.dir/build
make[1]: Entering directory '/home/ofzorzo/Desktop/pddl/fast-downward/builds/release32/CMakeFiles/CMakeTmp'
Building C object CMakeFiles/cmTC_db4b4.dir/testCCompiler.c.o
/usr/bin/gcc   -m32    -o CMakeFiles/cmTC_db4b4.dir/testCCompiler.c.o   -c /home/ofzorzo/Desktop/pddl/fast-downward/builds/release32/CMakeFiles/CMakeTmp/testCCompiler.c
Linking C executable cmTC_db4b4
/usr/bin/cmake -E cmake_link_script CMakeFiles/cmTC_db4b4.dir/link.txt --verbose=1
/usr/bin/gcc  -m32     -rdynamic CMakeFiles/cmTC_db4b4.dir/testCCompiler.c.o  -o cmTC_db4b4 
/usr/bin/ld: cannot find Scrt1.o: No such file or directory
/usr/bin/ld: cannot find crti.o: No such file or directory
/usr/bin/ld: skipping incompatible /usr/lib/gcc/x86_64-linux-gnu/7/libgcc.a when searching for -lgcc
/usr/bin/ld: cannot find -lgcc
/usr/bin/ld: skipping incompatible /usr/lib/gcc/x86_64-linux-gnu/7/libgcc_s.so.1 when searching for libgcc_s.so.1
/usr/bin/ld: cannot find libgcc_s.so.1
/usr/bin/ld: skipping incompatible /usr/lib/gcc/x86_64-linux-gnu/7/libgcc.a when searching for -lgcc
/usr/bin/ld: cannot find -lgcc
collect2: error: ld returned 1 exit status
CMakeFiles/cmTC_db4b4.dir/build.make:97: recipe for target 'cmTC_db4b4' failed
make[1]: *** [cmTC_db4b4] Error 1
make[1]: Leaving directory '/home/ofzorzo/Desktop/pddl/fast-downward/builds/release32/CMakeFiles/CMakeTmp'
Makefile:126: recipe for target 'cmTC_db4b4/fast' failed
make: *** [cmTC_db4b4/fast] Error 2


